2021-09-01 15:49:51,189 INFO o.a.j.u.JMeterUtils: Setting Locale to en_EN
2021-09-01 15:49:51,210 INFO o.a.j.JMeter: Loading user properties from: D:\Personal\apache-jmeter-5.4.1\bin\user.properties
2021-09-01 15:49:51,210 INFO o.a.j.JMeter: Loading system properties from: D:\Personal\apache-jmeter-5.4.1\bin\system.properties
2021-09-01 15:49:51,216 INFO o.a.j.JMeter: Copyright (c) 1998-2021 The Apache Software Foundation
2021-09-01 15:49:51,217 INFO o.a.j.JMeter: Version 5.4.1
2021-09-01 15:49:51,217 INFO o.a.j.JMeter: java.version=11.0.12
2021-09-01 15:49:51,217 INFO o.a.j.JMeter: java.vm.name=Java HotSpot(TM) 64-Bit Server VM
2021-09-01 15:49:51,217 INFO o.a.j.JMeter: os.name=Windows 10
2021-09-01 15:49:51,217 INFO o.a.j.JMeter: os.arch=amd64
2021-09-01 15:49:51,217 INFO o.a.j.JMeter: os.version=10.0
2021-09-01 15:49:51,217 INFO o.a.j.JMeter: file.encoding=Cp1252
2021-09-01 15:49:51,217 INFO o.a.j.JMeter: java.awt.headless=true
2021-09-01 15:49:51,217 INFO o.a.j.JMeter: Max memory     =1073741824
2021-09-01 15:49:51,217 INFO o.a.j.JMeter: Available Processors =8
2021-09-01 15:49:51,228 INFO o.a.j.JMeter: Default Locale=English (EN)
2021-09-01 15:49:51,228 INFO o.a.j.JMeter: JMeter  Locale=English (EN)
2021-09-01 15:49:51,228 INFO o.a.j.JMeter: JMeterHome=D:\Personal\apache-jmeter-5.4.1
2021-09-01 15:49:51,228 INFO o.a.j.JMeter: user.dir  =D:\Work\Projects\bdx-bhi-performance
2021-09-01 15:49:51,228 INFO o.a.j.JMeter: PWD       =D:\Work\Projects\bdx-bhi-performance
2021-09-01 15:49:51,301 INFO o.a.j.JMeter: IP: 192.168.1.17 Name: Victorio-MSI FullName: 192.168.1.17
2021-09-01 15:49:51,306 ERROR o.a.j.JMeter: An error occurred: 
org.apache.jmeter.report.config.ConfigurationException: The file D:\Work\Projects\bdx-bhi-performance\EverydayLoadTesting.jmx doesn't exist or can't be opened
	at org.apache.jmeter.JMeter.runNonGui(JMeter.java:1017) ~[ApacheJMeter_core.jar:5.4.1]
	at org.apache.jmeter.JMeter.startNonGui(JMeter.java:1007) ~[ApacheJMeter_core.jar:5.4.1]
	at org.apache.jmeter.JMeter.start(JMeter.java:579) [ApacheJMeter_core.jar:5.4.1]
	at jdk.internal.reflect.NativeMethodAccessorImpl.invoke0(Native Method) ~[?:?]
	at jdk.internal.reflect.NativeMethodAccessorImpl.invoke(NativeMethodAccessorImpl.java:62) ~[?:?]
	at jdk.internal.reflect.DelegatingMethodAccessorImpl.invoke(DelegatingMethodAccessorImpl.java:43) ~[?:?]
	at java.lang.reflect.Method.invoke(Method.java:566) ~[?:?]
	at org.apache.jmeter.NewDriver.main(NewDriver.java:254) [ApacheJMeter.jar:5.4.1]
